CRITICAL - 2022-05-18 23:52:40 --> The framework needs the following extension(s) installed and loaded: intl.
#0 L:\xampp\htdocs\test4\system\CodeIgniter.php(219): CodeIgniter\Exceptions\FrameworkException::forMissingExtension('intl')
#1 L:\xampp\htdocs\test4\system\CodeIgniter.php(177): CodeIgniter\CodeIgniter->resolvePlatformExtensions()
#2 L:\xampp\htdocs\test4\system\bootstrap.php(146): CodeIgniter\CodeIgniter->initialize()
#3 L:\xampp\htdocs\test4\public\index.php(28): require('L:\\xampp\\htdocs...')
#4 {main}
CRITICAL - 2022-05-18 16:53:40 --> Undefined variable $users
#0 L:\xampp\htdocs\test4\app\Views\login.php(64): CodeIgniter\Debug\Exceptions->errorHandler(2, 'Undefined varia...', 'L:\\xampp\\htdocs...', 64)
#1 L:\xampp\htdocs\test4\system\View\View.php(210): include('L:\\xampp\\htdocs...')
#2 L:\xampp\htdocs\test4\system\View\View.php(213): CodeIgniter\View\View->CodeIgniter\View\{closure}()
#3 L:\xampp\htdocs\test4\system\Common.php(1089): CodeIgniter\View\View->render('login', Array, true)
#4 L:\xampp\htdocs\test4\app\Controllers\Home.php(9): view('login')
#5 L:\xampp\htdocs\test4\system\CodeIgniter.php(832): App\Controllers\Home->index()
#6 L:\xampp\htdocs\test4\system\CodeIgniter.php(419): CodeIgniter\CodeIgniter->runController(Object(App\Controllers\Home))
#7 L:\xampp\htdocs\test4\system\CodeIgniter.php(326): CodeIgniter\CodeIgniter->handleRequest(NULL, Object(Config\Cache), false)
#8 L:\xampp\htdocs\test4\public\index.php(37): CodeIgniter\CodeIgniter->run()
#9 {main}
CRITICAL - 2022-05-18 16:55:21 --> Undefined variable $users
#0 L:\xampp\htdocs\test4\app\Views\login.php(64): CodeIgniter\Debug\Exceptions->errorHandler(2, 'Undefined varia...', 'L:\\xampp\\htdocs...', 64)
#1 L:\xampp\htdocs\test4\system\View\View.php(210): include('L:\\xampp\\htdocs...')
#2 L:\xampp\htdocs\test4\system\View\View.php(213): CodeIgniter\View\View->CodeIgniter\View\{closure}()
#3 L:\xampp\htdocs\test4\system\Common.php(1089): CodeIgniter\View\View->render('login', Array, true)
#4 L:\xampp\htdocs\test4\app\Controllers\Home.php(9): view('login')
#5 L:\xampp\htdocs\test4\system\CodeIgniter.php(832): App\Controllers\Home->index()
#6 L:\xampp\htdocs\test4\system\CodeIgniter.php(419): CodeIgniter\CodeIgniter->runController(Object(App\Controllers\Home))
#7 L:\xampp\htdocs\test4\system\CodeIgniter.php(326): CodeIgniter\CodeIgniter->handleRequest(NULL, Object(Config\Cache), false)
#8 L:\xampp\htdocs\test4\public\index.php(37): CodeIgniter\CodeIgniter->run()
#9 {main}
CRITICAL - 2022-05-18 17:22:55 --> Undefined variable $users
#0 L:\xampp\htdocs\test4\app\Views\templates\footer.php(14): CodeIgniter\Debug\Exceptions->errorHandler(2, 'Undefined varia...', 'L:\\xampp\\htdocs...', 14)
#1 L:\xampp\htdocs\test4\system\View\View.php(210): include('L:\\xampp\\htdocs...')
#2 L:\xampp\htdocs\test4\system\View\View.php(213): CodeIgniter\View\View->CodeIgniter\View\{closure}()
#3 L:\xampp\htdocs\test4\system\Common.php(1089): CodeIgniter\View\View->render('/templates/foot...', Array, true)
#4 L:\xampp\htdocs\test4\app\Controllers\UserController.php(14): view('/templates/foot...')
#5 L:\xampp\htdocs\test4\system\CodeIgniter.php(832): App\Controllers\UserController->index()
#6 L:\xampp\htdocs\test4\system\CodeIgniter.php(419): CodeIgniter\CodeIgniter->runController(Object(App\Controllers\UserController))
#7 L:\xampp\htdocs\test4\system\CodeIgniter.php(326): CodeIgniter\CodeIgniter->handleRequest(NULL, Object(Config\Cache), false)
#8 L:\xampp\htdocs\test4\public\index.php(37): CodeIgniter\CodeIgniter->run()
#9 {main}
CRITICAL - 2022-05-18 17:25:00 --> Undefined variable $users
#0 L:\xampp\htdocs\test4\app\Views\templates\footer.php(14): CodeIgniter\Debug\Exceptions->errorHandler(2, 'Undefined varia...', 'L:\\xampp\\htdocs...', 14)
#1 L:\xampp\htdocs\test4\system\View\View.php(210): include('L:\\xampp\\htdocs...')
#2 L:\xampp\htdocs\test4\system\View\View.php(213): CodeIgniter\View\View->CodeIgniter\View\{closure}()
#3 L:\xampp\htdocs\test4\system\Common.php(1089): CodeIgniter\View\View->render('/templates/foot...', Array, true)
#4 L:\xampp\htdocs\test4\app\Controllers\UserController.php(14): view('/templates/foot...')
#5 L:\xampp\htdocs\test4\system\CodeIgniter.php(832): App\Controllers\UserController->index()
#6 L:\xampp\htdocs\test4\system\CodeIgniter.php(419): CodeIgniter\CodeIgniter->runController(Object(App\Controllers\UserController))
#7 L:\xampp\htdocs\test4\system\CodeIgniter.php(326): CodeIgniter\CodeIgniter->handleRequest(NULL, Object(Config\Cache), false)
#8 L:\xampp\htdocs\test4\public\index.php(37): CodeIgniter\CodeIgniter->run()
#9 {main}
CRITICAL - 2022-05-18 17:26:00 --> Undefined variable $footer
#0 L:\xampp\htdocs\test4\app\Views\login.php(17): CodeIgniter\Debug\Exceptions->errorHandler(2, 'Undefined varia...', 'L:\\xampp\\htdocs...', 17)
#1 L:\xampp\htdocs\test4\system\View\View.php(210): include('L:\\xampp\\htdocs...')
#2 L:\xampp\htdocs\test4\system\View\View.php(213): CodeIgniter\View\View->CodeIgniter\View\{closure}()
#3 L:\xampp\htdocs\test4\system\Common.php(1089): CodeIgniter\View\View->render('login', Array, true)
#4 L:\xampp\htdocs\test4\app\Controllers\UserController.php(16): view('login', Array)
#5 L:\xampp\htdocs\test4\system\CodeIgniter.php(832): App\Controllers\UserController->index()
#6 L:\xampp\htdocs\test4\system\CodeIgniter.php(419): CodeIgniter\CodeIgniter->runController(Object(App\Controllers\UserController))
#7 L:\xampp\htdocs\test4\system\CodeIgniter.php(326): CodeIgniter\CodeIgniter->handleRequest(NULL, Object(Config\Cache), false)
#8 L:\xampp\htdocs\test4\public\index.php(37): CodeIgniter\CodeIgniter->run()
#9 {main}
CRITICAL - 2022-05-18 17:31:31 --> include(css/header_style.css): Failed to open stream: No such file or directory
#0 L:\xampp\htdocs\test4\app\Views\templates\header.php(7): CodeIgniter\Debug\Exceptions->errorHandler(2, 'include(css/hea...', 'L:\\xampp\\htdocs...', 7)
#1 L:\xampp\htdocs\test4\app\Views\templates\header.php(7): include()
#2 L:\xampp\htdocs\test4\system\View\View.php(210): include('L:\\xampp\\htdocs...')
#3 L:\xampp\htdocs\test4\system\View\View.php(213): CodeIgniter\View\View->CodeIgniter\View\{closure}()
#4 L:\xampp\htdocs\test4\system\Common.php(1089): CodeIgniter\View\View->render('/templates/head...', Array, true)
#5 L:\xampp\htdocs\test4\app\Controllers\UserController.php(13): view('/templates/head...')
#6 L:\xampp\htdocs\test4\system\CodeIgniter.php(832): App\Controllers\UserController->index()
#7 L:\xampp\htdocs\test4\system\CodeIgniter.php(419): CodeIgniter\CodeIgniter->runController(Object(App\Controllers\UserController))
#8 L:\xampp\htdocs\test4\system\CodeIgniter.php(326): CodeIgniter\CodeIgniter->handleRequest(NULL, Object(Config\Cache), false)
#9 L:\xampp\htdocs\test4\public\index.php(37): CodeIgniter\CodeIgniter->run()
#10 {main}
CRITICAL - 2022-05-18 17:39:24 --> include(../css/header_style.css): Failed to open stream: No such file or directory
#0 L:\xampp\htdocs\test4\app\Views\templates\header.php(7): CodeIgniter\Debug\Exceptions->errorHandler(2, 'include(../css/...', 'L:\\xampp\\htdocs...', 7)
#1 L:\xampp\htdocs\test4\app\Views\templates\header.php(7): include()
#2 L:\xampp\htdocs\test4\system\View\View.php(210): include('L:\\xampp\\htdocs...')
#3 L:\xampp\htdocs\test4\system\View\View.php(213): CodeIgniter\View\View->CodeIgniter\View\{closure}()
#4 L:\xampp\htdocs\test4\system\Common.php(1089): CodeIgniter\View\View->render('/templates/head...', Array, true)
#5 L:\xampp\htdocs\test4\app\Controllers\UserController.php(13): view('/templates/head...')
#6 L:\xampp\htdocs\test4\system\CodeIgniter.php(832): App\Controllers\UserController->index()
#7 L:\xampp\htdocs\test4\system\CodeIgniter.php(419): CodeIgniter\CodeIgniter->runController(Object(App\Controllers\UserController))
#8 L:\xampp\htdocs\test4\system\CodeIgniter.php(326): CodeIgniter\CodeIgniter->handleRequest(NULL, Object(Config\Cache), false)
#9 L:\xampp\htdocs\test4\public\index.php(37): CodeIgniter\CodeIgniter->run()
#10 {main}
CRITICAL - 2022-05-18 17:39:47 --> include(./css/header_style.css): Failed to open stream: No such file or directory
#0 L:\xampp\htdocs\test4\app\Views\templates\header.php(7): CodeIgniter\Debug\Exceptions->errorHandler(2, 'include(./css/h...', 'L:\\xampp\\htdocs...', 7)
#1 L:\xampp\htdocs\test4\app\Views\templates\header.php(7): include()
#2 L:\xampp\htdocs\test4\system\View\View.php(210): include('L:\\xampp\\htdocs...')
#3 L:\xampp\htdocs\test4\system\View\View.php(213): CodeIgniter\View\View->CodeIgniter\View\{closure}()
#4 L:\xampp\htdocs\test4\system\Common.php(1089): CodeIgniter\View\View->render('/templates/head...', Array, true)
#5 L:\xampp\htdocs\test4\app\Controllers\UserController.php(13): view('/templates/head...')
#6 L:\xampp\htdocs\test4\system\CodeIgniter.php(832): App\Controllers\UserController->index()
#7 L:\xampp\htdocs\test4\system\CodeIgniter.php(419): CodeIgniter\CodeIgniter->runController(Object(App\Controllers\UserController))
#8 L:\xampp\htdocs\test4\system\CodeIgniter.php(326): CodeIgniter\CodeIgniter->handleRequest(NULL, Object(Config\Cache), false)
#9 L:\xampp\htdocs\test4\public\index.php(37): CodeIgniter\CodeIgniter->run()
#10 {main}
CRITICAL - 2022-05-18 17:39:58 --> include(/css/header_style.css): Failed to open stream: No such file or directory
#0 L:\xampp\htdocs\test4\app\Views\templates\header.php(7): CodeIgniter\Debug\Exceptions->errorHandler(2, 'include(/css/he...', 'L:\\xampp\\htdocs...', 7)
#1 L:\xampp\htdocs\test4\app\Views\templates\header.php(7): include()
#2 L:\xampp\htdocs\test4\system\View\View.php(210): include('L:\\xampp\\htdocs...')
#3 L:\xampp\htdocs\test4\system\View\View.php(213): CodeIgniter\View\View->CodeIgniter\View\{closure}()
#4 L:\xampp\htdocs\test4\system\Common.php(1089): CodeIgniter\View\View->render('/templates/head...', Array, true)
#5 L:\xampp\htdocs\test4\app\Controllers\UserController.php(13): view('/templates/head...')
#6 L:\xampp\htdocs\test4\system\CodeIgniter.php(832): App\Controllers\UserController->index()
#7 L:\xampp\htdocs\test4\system\CodeIgniter.php(419): CodeIgniter\CodeIgniter->runController(Object(App\Controllers\UserController))
#8 L:\xampp\htdocs\test4\system\CodeIgniter.php(326): CodeIgniter\CodeIgniter->handleRequest(NULL, Object(Config\Cache), false)
#9 L:\xampp\htdocs\test4\public\index.php(37): CodeIgniter\CodeIgniter->run()
#10 {main}
CRITICAL - 2022-05-18 17:40:08 --> include(Views/css/header_style.css): Failed to open stream: No such file or directory
#0 L:\xampp\htdocs\test4\app\Views\templates\header.php(7): CodeIgniter\Debug\Exceptions->errorHandler(2, 'include(Views/c...', 'L:\\xampp\\htdocs...', 7)
#1 L:\xampp\htdocs\test4\app\Views\templates\header.php(7): include()
#2 L:\xampp\htdocs\test4\system\View\View.php(210): include('L:\\xampp\\htdocs...')
#3 L:\xampp\htdocs\test4\system\View\View.php(213): CodeIgniter\View\View->CodeIgniter\View\{closure}()
#4 L:\xampp\htdocs\test4\system\Common.php(1089): CodeIgniter\View\View->render('/templates/head...', Array, true)
#5 L:\xampp\htdocs\test4\app\Controllers\UserController.php(13): view('/templates/head...')
#6 L:\xampp\htdocs\test4\system\CodeIgniter.php(832): App\Controllers\UserController->index()
#7 L:\xampp\htdocs\test4\system\CodeIgniter.php(419): CodeIgniter\CodeIgniter->runController(Object(App\Controllers\UserController))
#8 L:\xampp\htdocs\test4\system\CodeIgniter.php(326): CodeIgniter\CodeIgniter->handleRequest(NULL, Object(Config\Cache), false)
#9 L:\xampp\htdocs\test4\public\index.php(37): CodeIgniter\CodeIgniter->run()
#10 {main}
CRITICAL - 2022-05-18 17:40:22 --> include(public/Views/css/header_style.css): Failed to open stream: No such file or directory
#0 L:\xampp\htdocs\test4\app\Views\templates\header.php(7): CodeIgniter\Debug\Exceptions->errorHandler(2, 'include(public/...', 'L:\\xampp\\htdocs...', 7)
#1 L:\xampp\htdocs\test4\app\Views\templates\header.php(7): include()
#2 L:\xampp\htdocs\test4\system\View\View.php(210): include('L:\\xampp\\htdocs...')
#3 L:\xampp\htdocs\test4\system\View\View.php(213): CodeIgniter\View\View->CodeIgniter\View\{closure}()
#4 L:\xampp\htdocs\test4\system\Common.php(1089): CodeIgniter\View\View->render('/templates/head...', Array, true)
#5 L:\xampp\htdocs\test4\app\Controllers\UserController.php(13): view('/templates/head...')
#6 L:\xampp\htdocs\test4\system\CodeIgniter.php(832): App\Controllers\UserController->index()
#7 L:\xampp\htdocs\test4\system\CodeIgniter.php(419): CodeIgniter\CodeIgniter->runController(Object(App\Controllers\UserController))
#8 L:\xampp\htdocs\test4\system\CodeIgniter.php(326): CodeIgniter\CodeIgniter->handleRequest(NULL, Object(Config\Cache), false)
#9 L:\xampp\htdocs\test4\public\index.php(37): CodeIgniter\CodeIgniter->run()
#10 {main}
CRITICAL - 2022-05-18 17:48:26 --> Undefined variable $header
#0 L:\xampp\htdocs\test4\app\Views\login.php(1): CodeIgniter\Debug\Exceptions->errorHandler(2, 'Undefined varia...', 'L:\\xampp\\htdocs...', 1)
#1 L:\xampp\htdocs\test4\system\View\View.php(210): include('L:\\xampp\\htdocs...')
#2 L:\xampp\htdocs\test4\system\View\View.php(213): CodeIgniter\View\View->CodeIgniter\View\{closure}()
#3 L:\xampp\htdocs\test4\system\Common.php(1089): CodeIgniter\View\View->render('login', Array, true)
#4 L:\xampp\htdocs\test4\app\Controllers\Home.php(9): view('login')
#5 L:\xampp\htdocs\test4\system\CodeIgniter.php(832): App\Controllers\Home->index()
#6 L:\xampp\htdocs\test4\system\CodeIgniter.php(419): CodeIgniter\CodeIgniter->runController(Object(App\Controllers\Home))
#7 L:\xampp\htdocs\test4\system\CodeIgniter.php(326): CodeIgniter\CodeIgniter->handleRequest(NULL, Object(Config\Cache), false)
#8 L:\xampp\htdocs\test4\public\index.php(37): CodeIgniter\CodeIgniter->run()
#9 {main}
CRITICAL - 2022-05-18 17:48:35 --> Undefined variable $header
#0 L:\xampp\htdocs\test4\app\Views\login.php(1): CodeIgniter\Debug\Exceptions->errorHandler(2, 'Undefined varia...', 'L:\\xampp\\htdocs...', 1)
#1 L:\xampp\htdocs\test4\system\View\View.php(210): include('L:\\xampp\\htdocs...')
#2 L:\xampp\htdocs\test4\system\View\View.php(213): CodeIgniter\View\View->CodeIgniter\View\{closure}()
#3 L:\xampp\htdocs\test4\system\Common.php(1089): CodeIgniter\View\View->render('login', Array, true)
#4 L:\xampp\htdocs\test4\app\Controllers\Home.php(9): view('login')
#5 L:\xampp\htdocs\test4\system\CodeIgniter.php(832): App\Controllers\Home->index()
#6 L:\xampp\htdocs\test4\system\CodeIgniter.php(419): CodeIgniter\CodeIgniter->runController(Object(App\Controllers\Home))
#7 L:\xampp\htdocs\test4\system\CodeIgniter.php(326): CodeIgniter\CodeIgniter->handleRequest(NULL, Object(Config\Cache), false)
#8 L:\xampp\htdocs\test4\public\index.php(37): CodeIgniter\CodeIgniter->run()
#9 {main}
CRITICAL - 2022-05-18 17:53:51 --> include(header_style.css): Failed to open stream: No such file or directory
#0 L:\xampp\htdocs\test4\app\Views\templates\header.php(7): CodeIgniter\Debug\Exceptions->errorHandler(2, 'include(header_...', 'L:\\xampp\\htdocs...', 7)
#1 L:\xampp\htdocs\test4\app\Views\templates\header.php(7): include()
#2 L:\xampp\htdocs\test4\system\View\View.php(210): include('L:\\xampp\\htdocs...')
#3 L:\xampp\htdocs\test4\system\View\View.php(213): CodeIgniter\View\View->CodeIgniter\View\{closure}()
#4 L:\xampp\htdocs\test4\system\Common.php(1089): CodeIgniter\View\View->render('/templates/head...', Array, true)
#5 L:\xampp\htdocs\test4\app\Controllers\UserController.php(13): view('/templates/head...')
#6 L:\xampp\htdocs\test4\system\CodeIgniter.php(832): App\Controllers\UserController->index()
#7 L:\xampp\htdocs\test4\system\CodeIgniter.php(419): CodeIgniter\CodeIgniter->runController(Object(App\Controllers\UserController))
#8 L:\xampp\htdocs\test4\system\CodeIgniter.php(326): CodeIgniter\CodeIgniter->handleRequest(NULL, Object(Config\Cache), false)
#9 L:\xampp\htdocs\test4\public\index.php(37): CodeIgniter\CodeIgniter->run()
#10 {main}
CRITICAL - 2022-05-18 18:05:46 --> include(css/header_style.css): Failed to open stream: No such file or directory
#0 L:\xampp\htdocs\test4\app\Views\templates\header.php(6): CodeIgniter\Debug\Exceptions->errorHandler(2, 'include(css/hea...', 'L:\\xampp\\htdocs...', 6)
#1 L:\xampp\htdocs\test4\app\Views\templates\header.php(6): include()
#2 L:\xampp\htdocs\test4\system\View\View.php(210): include('L:\\xampp\\htdocs...')
#3 L:\xampp\htdocs\test4\system\View\View.php(213): CodeIgniter\View\View->CodeIgniter\View\{closure}()
#4 L:\xampp\htdocs\test4\system\Common.php(1089): CodeIgniter\View\View->render('/templates/head...', Array, true)
#5 L:\xampp\htdocs\test4\app\Controllers\UserController.php(13): view('/templates/head...')
#6 L:\xampp\htdocs\test4\system\CodeIgniter.php(832): App\Controllers\UserController->index()
#7 L:\xampp\htdocs\test4\system\CodeIgniter.php(419): CodeIgniter\CodeIgniter->runController(Object(App\Controllers\UserController))
#8 L:\xampp\htdocs\test4\system\CodeIgniter.php(326): CodeIgniter\CodeIgniter->handleRequest(NULL, Object(Config\Cache), false)
#9 L:\xampp\htdocs\test4\public\index.php(37): CodeIgniter\CodeIgniter->run()
#10 {main}
CRITICAL - 2022-05-18 18:05:56 --> include(../css/header_style.css): Failed to open stream: No such file or directory
#0 L:\xampp\htdocs\test4\app\Views\templates\header.php(6): CodeIgniter\Debug\Exceptions->errorHandler(2, 'include(../css/...', 'L:\\xampp\\htdocs...', 6)
#1 L:\xampp\htdocs\test4\app\Views\templates\header.php(6): include()
#2 L:\xampp\htdocs\test4\system\View\View.php(210): include('L:\\xampp\\htdocs...')
#3 L:\xampp\htdocs\test4\system\View\View.php(213): CodeIgniter\View\View->CodeIgniter\View\{closure}()
#4 L:\xampp\htdocs\test4\system\Common.php(1089): CodeIgniter\View\View->render('/templates/head...', Array, true)
#5 L:\xampp\htdocs\test4\app\Controllers\UserController.php(13): view('/templates/head...')
#6 L:\xampp\htdocs\test4\system\CodeIgniter.php(832): App\Controllers\UserController->index()
#7 L:\xampp\htdocs\test4\system\CodeIgniter.php(419): CodeIgniter\CodeIgniter->runController(Object(App\Controllers\UserController))
#8 L:\xampp\htdocs\test4\system\CodeIgniter.php(326): CodeIgniter\CodeIgniter->handleRequest(NULL, Object(Config\Cache), false)
#9 L:\xampp\htdocs\test4\public\index.php(37): CodeIgniter\CodeIgniter->run()
#10 {main}
CRITICAL - 2022-05-18 18:05:57 --> include(../css/header_style.css): Failed to open stream: No such file or directory
#0 L:\xampp\htdocs\test4\app\Views\templates\header.php(6): CodeIgniter\Debug\Exceptions->errorHandler(2, 'include(../css/...', 'L:\\xampp\\htdocs...', 6)
#1 L:\xampp\htdocs\test4\app\Views\templates\header.php(6): include()
#2 L:\xampp\htdocs\test4\system\View\View.php(210): include('L:\\xampp\\htdocs...')
#3 L:\xampp\htdocs\test4\system\View\View.php(213): CodeIgniter\View\View->CodeIgniter\View\{closure}()
#4 L:\xampp\htdocs\test4\system\Common.php(1089): CodeIgniter\View\View->render('/templates/head...', Array, true)
#5 L:\xampp\htdocs\test4\app\Controllers\UserController.php(13): view('/templates/head...')
#6 L:\xampp\htdocs\test4\system\CodeIgniter.php(832): App\Controllers\UserController->index()
#7 L:\xampp\htdocs\test4\system\CodeIgniter.php(419): CodeIgniter\CodeIgniter->runController(Object(App\Controllers\UserController))
#8 L:\xampp\htdocs\test4\system\CodeIgniter.php(326): CodeIgniter\CodeIgniter->handleRequest(NULL, Object(Config\Cache), false)
#9 L:\xampp\htdocs\test4\public\index.php(37): CodeIgniter\CodeIgniter->run()
#10 {main}
CRITICAL - 2022-05-18 18:05:58 --> include(../css/header_style.css): Failed to open stream: No such file or directory
#0 L:\xampp\htdocs\test4\app\Views\templates\header.php(6): CodeIgniter\Debug\Exceptions->errorHandler(2, 'include(../css/...', 'L:\\xampp\\htdocs...', 6)
#1 L:\xampp\htdocs\test4\app\Views\templates\header.php(6): include()
#2 L:\xampp\htdocs\test4\system\View\View.php(210): include('L:\\xampp\\htdocs...')
#3 L:\xampp\htdocs\test4\system\View\View.php(213): CodeIgniter\View\View->CodeIgniter\View\{closure}()
#4 L:\xampp\htdocs\test4\system\Common.php(1089): CodeIgniter\View\View->render('/templates/head...', Array, true)
#5 L:\xampp\htdocs\test4\app\Controllers\UserController.php(13): view('/templates/head...')
#6 L:\xampp\htdocs\test4\system\CodeIgniter.php(832): App\Controllers\UserController->index()
#7 L:\xampp\htdocs\test4\system\CodeIgniter.php(419): CodeIgniter\CodeIgniter->runController(Object(App\Controllers\UserController))
#8 L:\xampp\htdocs\test4\system\CodeIgniter.php(326): CodeIgniter\CodeIgniter->handleRequest(NULL, Object(Config\Cache), false)
#9 L:\xampp\htdocs\test4\public\index.php(37): CodeIgniter\CodeIgniter->run()
#10 {main}
CRITICAL - 2022-05-18 18:06:07 --> include(../css/header_style.css): Failed to open stream: No such file or directory
#0 L:\xampp\htdocs\test4\app\Views\templates\header.php(6): CodeIgniter\Debug\Exceptions->errorHandler(2, 'include(../css/...', 'L:\\xampp\\htdocs...', 6)
#1 L:\xampp\htdocs\test4\app\Views\templates\header.php(6): include()
#2 L:\xampp\htdocs\test4\system\View\View.php(210): include('L:\\xampp\\htdocs...')
#3 L:\xampp\htdocs\test4\system\View\View.php(213): CodeIgniter\View\View->CodeIgniter\View\{closure}()
#4 L:\xampp\htdocs\test4\system\Common.php(1089): CodeIgniter\View\View->render('/templates/head...', Array, true)
#5 L:\xampp\htdocs\test4\app\Controllers\UserController.php(13): view('/templates/head...')
#6 L:\xampp\htdocs\test4\system\CodeIgniter.php(832): App\Controllers\UserController->index()
#7 L:\xampp\htdocs\test4\system\CodeIgniter.php(419): CodeIgniter\CodeIgniter->runController(Object(App\Controllers\UserController))
#8 L:\xampp\htdocs\test4\system\CodeIgniter.php(326): CodeIgniter\CodeIgniter->handleRequest(NULL, Object(Config\Cache), false)
#9 L:\xampp\htdocs\test4\public\index.php(37): CodeIgniter\CodeIgniter->run()
#10 {main}
CRITICAL - 2022-05-18 19:02:51 --> Undefined variable $header
#0 L:\xampp\htdocs\test4\app\Views\login.php(13): CodeIgniter\Debug\Exceptions->errorHandler(2, 'Undefined varia...', 'L:\\xampp\\htdocs...', 13)
#1 L:\xampp\htdocs\test4\system\View\View.php(210): include('L:\\xampp\\htdocs...')
#2 L:\xampp\htdocs\test4\system\View\View.php(213): CodeIgniter\View\View->CodeIgniter\View\{closure}()
#3 L:\xampp\htdocs\test4\system\Common.php(1089): CodeIgniter\View\View->render('login', Array, true)
#4 L:\xampp\htdocs\test4\app\Controllers\Home.php(11): view('login')
#5 L:\xampp\htdocs\test4\system\CodeIgniter.php(832): App\Controllers\Home->index()
#6 L:\xampp\htdocs\test4\system\CodeIgniter.php(419): CodeIgniter\CodeIgniter->runController(Object(App\Controllers\Home))
#7 L:\xampp\htdocs\test4\system\CodeIgniter.php(326): CodeIgniter\CodeIgniter->handleRequest(NULL, Object(Config\Cache), false)
#8 L:\xampp\htdocs\test4\public\index.php(37): CodeIgniter\CodeIgniter->run()
#9 {main}
CRITICAL - 2022-05-18 19:05:43 --> syntax error, unexpected variable "$data", expecting "function" or "const"
#0 L:\xampp\htdocs\test4\system\Autoloader\Autoloader.php(241): CodeIgniter\Autoloader\Autoloader->includeFile('L:\\xampp\\htdocs...')
#1 L:\xampp\htdocs\test4\system\Autoloader\Autoloader.php(219): CodeIgniter\Autoloader\Autoloader->loadInNamespace('App\\Controllers...')
#2 [internal function]: CodeIgniter\Autoloader\Autoloader->loadClass('App\\Controllers...')
#3 L:\xampp\htdocs\test4\system\CodeIgniter.php(797): class_exists('\\App\\Controller...', true)
#4 L:\xampp\htdocs\test4\system\CodeIgniter.php(406): CodeIgniter\CodeIgniter->startController()
#5 L:\xampp\htdocs\test4\system\CodeIgniter.php(326): CodeIgniter\CodeIgniter->handleRequest(NULL, Object(Config\Cache), false)
#6 L:\xampp\htdocs\test4\public\index.php(37): CodeIgniter\CodeIgniter->run()
#7 {main}
CRITICAL - 2022-05-18 19:23:02 --> Invalid file: registration.php
#0 L:\xampp\htdocs\test4\system\View\View.php(198): CodeIgniter\Exceptions\FrameworkException::forInvalidFile('registration.ph...')
#1 L:\xampp\htdocs\test4\system\Common.php(1089): CodeIgniter\View\View->render('registration', Array, true)
#2 L:\xampp\htdocs\test4\app\Controllers\Home.php(18): view('registration', Array)
#3 L:\xampp\htdocs\test4\system\CodeIgniter.php(832): App\Controllers\Home->register()
#4 L:\xampp\htdocs\test4\system\CodeIgniter.php(419): CodeIgniter\CodeIgniter->runController(Object(App\Controllers\Home))
#5 L:\xampp\htdocs\test4\system\CodeIgniter.php(326): CodeIgniter\CodeIgniter->handleRequest(NULL, Object(Config\Cache), false)
#6 L:\xampp\htdocs\test4\public\index.php(37): CodeIgniter\CodeIgniter->run()
#7 {main}
