CRITICAL - 2022-05-16 22:47:01 --> The framework needs the following extension(s) installed and loaded: intl.
#0 X:\xampp\htdocs\test4\system\CodeIgniter.php(219): CodeIgniter\Exceptions\FrameworkException::forMissingExtension('intl')
#1 X:\xampp\htdocs\test4\system\CodeIgniter.php(177): CodeIgniter\CodeIgniter->resolvePlatformExtensions()
#2 X:\xampp\htdocs\test4\system\bootstrap.php(146): CodeIgniter\CodeIgniter->initialize()
#3 X:\xampp\htdocs\test4\public\index.php(28): require('X:\\xampp\\htdocs...')
#4 {main}
CRITICAL - 2022-05-16 22:48:29 --> The framework needs the following extension(s) installed and loaded: intl.
#0 X:\xampp\htdocs\test4\system\CodeIgniter.php(219): CodeIgniter\Exceptions\FrameworkException::forMissingExtension('intl')
#1 X:\xampp\htdocs\test4\system\CodeIgniter.php(177): CodeIgniter\CodeIgniter->resolvePlatformExtensions()
#2 X:\xampp\htdocs\test4\system\bootstrap.php(146): CodeIgniter\CodeIgniter->initialize()
#3 X:\xampp\htdocs\test4\public\index.php(28): require('X:\\xampp\\htdocs...')
#4 {main}
CRITICAL - 2022-05-16 22:48:57 --> The framework needs the following extension(s) installed and loaded: intl.
#0 X:\xampp\htdocs\test4\system\CodeIgniter.php(219): CodeIgniter\Exceptions\FrameworkException::forMissingExtension('intl')
#1 X:\xampp\htdocs\test4\system\CodeIgniter.php(177): CodeIgniter\CodeIgniter->resolvePlatformExtensions()
#2 X:\xampp\htdocs\test4\system\bootstrap.php(146): CodeIgniter\CodeIgniter->initialize()
#3 X:\xampp\htdocs\test4\public\index.php(28): require('X:\\xampp\\htdocs...')
#4 {main}
CRITICAL - 2022-05-16 22:48:58 --> The framework needs the following extension(s) installed and loaded: intl.
#0 X:\xampp\htdocs\test4\system\CodeIgniter.php(219): CodeIgniter\Exceptions\FrameworkException::forMissingExtension('intl')
#1 X:\xampp\htdocs\test4\system\CodeIgniter.php(177): CodeIgniter\CodeIgniter->resolvePlatformExtensions()
#2 X:\xampp\htdocs\test4\system\bootstrap.php(146): CodeIgniter\CodeIgniter->initialize()
#3 X:\xampp\htdocs\test4\public\index.php(28): require('X:\\xampp\\htdocs...')
#4 {main}
CRITICAL - 2022-05-16 22:48:59 --> The framework needs the following extension(s) installed and loaded: intl.
#0 X:\xampp\htdocs\test4\system\CodeIgniter.php(219): CodeIgniter\Exceptions\FrameworkException::forMissingExtension('intl')
#1 X:\xampp\htdocs\test4\system\CodeIgniter.php(177): CodeIgniter\CodeIgniter->resolvePlatformExtensions()
#2 X:\xampp\htdocs\test4\system\bootstrap.php(146): CodeIgniter\CodeIgniter->initialize()
#3 X:\xampp\htdocs\test4\public\index.php(28): require('X:\\xampp\\htdocs...')
#4 {main}
CRITICAL - 2022-05-16 22:48:59 --> The framework needs the following extension(s) installed and loaded: intl.
#0 X:\xampp\htdocs\test4\system\CodeIgniter.php(219): CodeIgniter\Exceptions\FrameworkException::forMissingExtension('intl')
#1 X:\xampp\htdocs\test4\system\CodeIgniter.php(177): CodeIgniter\CodeIgniter->resolvePlatformExtensions()
#2 X:\xampp\htdocs\test4\system\bootstrap.php(146): CodeIgniter\CodeIgniter->initialize()
#3 X:\xampp\htdocs\test4\public\index.php(28): require('X:\\xampp\\htdocs...')
#4 {main}
CRITICAL - 2022-05-16 22:48:59 --> The framework needs the following extension(s) installed and loaded: intl.
#0 X:\xampp\htdocs\test4\system\CodeIgniter.php(219): CodeIgniter\Exceptions\FrameworkException::forMissingExtension('intl')
#1 X:\xampp\htdocs\test4\system\CodeIgniter.php(177): CodeIgniter\CodeIgniter->resolvePlatformExtensions()
#2 X:\xampp\htdocs\test4\system\bootstrap.php(146): CodeIgniter\CodeIgniter->initialize()
#3 X:\xampp\htdocs\test4\public\index.php(28): require('X:\\xampp\\htdocs...')
#4 {main}
CRITICAL - 2022-05-16 22:49:00 --> The framework needs the following extension(s) installed and loaded: intl.
#0 X:\xampp\htdocs\test4\system\CodeIgniter.php(219): CodeIgniter\Exceptions\FrameworkException::forMissingExtension('intl')
#1 X:\xampp\htdocs\test4\system\CodeIgniter.php(177): CodeIgniter\CodeIgniter->resolvePlatformExtensions()
#2 X:\xampp\htdocs\test4\system\bootstrap.php(146): CodeIgniter\CodeIgniter->initialize()
#3 X:\xampp\htdocs\test4\public\index.php(28): require('X:\\xampp\\htdocs...')
#4 {main}
CRITICAL - 2022-05-16 16:44:07 --> Class "App\Models\User" not found
#0 X:\xampp\htdocs\test4\system\CodeIgniter.php(832): App\Controllers\UserController->index()
#1 X:\xampp\htdocs\test4\system\CodeIgniter.php(419): CodeIgniter\CodeIgniter->runController(Object(App\Controllers\UserController))
#2 X:\xampp\htdocs\test4\system\CodeIgniter.php(326): CodeIgniter\CodeIgniter->handleRequest(NULL, Object(Config\Cache), false)
#3 X:\xampp\htdocs\test4\public\index.php(37): CodeIgniter\CodeIgniter->run()
#4 {main}
CRITICAL - 2022-05-16 16:44:22 --> Class "App\Models\User" not found
#0 X:\xampp\htdocs\test4\system\CodeIgniter.php(832): App\Controllers\UserController->index()
#1 X:\xampp\htdocs\test4\system\CodeIgniter.php(419): CodeIgniter\CodeIgniter->runController(Object(App\Controllers\UserController))
#2 X:\xampp\htdocs\test4\system\CodeIgniter.php(326): CodeIgniter\CodeIgniter->handleRequest(NULL, Object(Config\Cache), false)
#3 X:\xampp\htdocs\test4\public\index.php(37): CodeIgniter\CodeIgniter->run()
#4 {main}
CRITICAL - 2022-05-16 16:44:23 --> Class "App\Models\User" not found
#0 X:\xampp\htdocs\test4\system\CodeIgniter.php(832): App\Controllers\UserController->index()
#1 X:\xampp\htdocs\test4\system\CodeIgniter.php(419): CodeIgniter\CodeIgniter->runController(Object(App\Controllers\UserController))
#2 X:\xampp\htdocs\test4\system\CodeIgniter.php(326): CodeIgniter\CodeIgniter->handleRequest(NULL, Object(Config\Cache), false)
#3 X:\xampp\htdocs\test4\public\index.php(37): CodeIgniter\CodeIgniter->run()
#4 {main}
CRITICAL - 2022-05-16 16:44:23 --> Class "App\Models\User" not found
#0 X:\xampp\htdocs\test4\system\CodeIgniter.php(832): App\Controllers\UserController->index()
#1 X:\xampp\htdocs\test4\system\CodeIgniter.php(419): CodeIgniter\CodeIgniter->runController(Object(App\Controllers\UserController))
#2 X:\xampp\htdocs\test4\system\CodeIgniter.php(326): CodeIgniter\CodeIgniter->handleRequest(NULL, Object(Config\Cache), false)
#3 X:\xampp\htdocs\test4\public\index.php(37): CodeIgniter\CodeIgniter->run()
#4 {main}
CRITICAL - 2022-05-16 16:44:23 --> Class "App\Models\User" not found
#0 X:\xampp\htdocs\test4\system\CodeIgniter.php(832): App\Controllers\UserController->index()
#1 X:\xampp\htdocs\test4\system\CodeIgniter.php(419): CodeIgniter\CodeIgniter->runController(Object(App\Controllers\UserController))
#2 X:\xampp\htdocs\test4\system\CodeIgniter.php(326): CodeIgniter\CodeIgniter->handleRequest(NULL, Object(Config\Cache), false)
#3 X:\xampp\htdocs\test4\public\index.php(37): CodeIgniter\CodeIgniter->run()
#4 {main}
CRITICAL - 2022-05-16 16:44:23 --> Class "App\Models\User" not found
#0 X:\xampp\htdocs\test4\system\CodeIgniter.php(832): App\Controllers\UserController->index()
#1 X:\xampp\htdocs\test4\system\CodeIgniter.php(419): CodeIgniter\CodeIgniter->runController(Object(App\Controllers\UserController))
#2 X:\xampp\htdocs\test4\system\CodeIgniter.php(326): CodeIgniter\CodeIgniter->handleRequest(NULL, Object(Config\Cache), false)
#3 X:\xampp\htdocs\test4\public\index.php(37): CodeIgniter\CodeIgniter->run()
#4 {main}
CRITICAL - 2022-05-16 16:44:23 --> Class "App\Models\User" not found
#0 X:\xampp\htdocs\test4\system\CodeIgniter.php(832): App\Controllers\UserController->index()
#1 X:\xampp\htdocs\test4\system\CodeIgniter.php(419): CodeIgniter\CodeIgniter->runController(Object(App\Controllers\UserController))
#2 X:\xampp\htdocs\test4\system\CodeIgniter.php(326): CodeIgniter\CodeIgniter->handleRequest(NULL, Object(Config\Cache), false)
#3 X:\xampp\htdocs\test4\public\index.php(37): CodeIgniter\CodeIgniter->run()
#4 {main}
CRITICAL - 2022-05-16 16:44:24 --> Class "App\Models\User" not found
#0 X:\xampp\htdocs\test4\system\CodeIgniter.php(832): App\Controllers\UserController->index()
#1 X:\xampp\htdocs\test4\system\CodeIgniter.php(419): CodeIgniter\CodeIgniter->runController(Object(App\Controllers\UserController))
#2 X:\xampp\htdocs\test4\system\CodeIgniter.php(326): CodeIgniter\CodeIgniter->handleRequest(NULL, Object(Config\Cache), false)
#3 X:\xampp\htdocs\test4\public\index.php(37): CodeIgniter\CodeIgniter->run()
#4 {main}
CRITICAL - 2022-05-16 16:44:24 --> Class "App\Models\User" not found
#0 X:\xampp\htdocs\test4\system\CodeIgniter.php(832): App\Controllers\UserController->index()
#1 X:\xampp\htdocs\test4\system\CodeIgniter.php(419): CodeIgniter\CodeIgniter->runController(Object(App\Controllers\UserController))
#2 X:\xampp\htdocs\test4\system\CodeIgniter.php(326): CodeIgniter\CodeIgniter->handleRequest(NULL, Object(Config\Cache), false)
#3 X:\xampp\htdocs\test4\public\index.php(37): CodeIgniter\CodeIgniter->run()
#4 {main}
CRITICAL - 2022-05-16 16:44:24 --> Class "App\Models\User" not found
#0 X:\xampp\htdocs\test4\system\CodeIgniter.php(832): App\Controllers\UserController->index()
#1 X:\xampp\htdocs\test4\system\CodeIgniter.php(419): CodeIgniter\CodeIgniter->runController(Object(App\Controllers\UserController))
#2 X:\xampp\htdocs\test4\system\CodeIgniter.php(326): CodeIgniter\CodeIgniter->handleRequest(NULL, Object(Config\Cache), false)
#3 X:\xampp\htdocs\test4\public\index.php(37): CodeIgniter\CodeIgniter->run()
#4 {main}
CRITICAL - 2022-05-16 16:44:52 --> Class "App\Models\User" not found
#0 X:\xampp\htdocs\test4\system\CodeIgniter.php(832): App\Controllers\UserController->index()
#1 X:\xampp\htdocs\test4\system\CodeIgniter.php(419): CodeIgniter\CodeIgniter->runController(Object(App\Controllers\UserController))
#2 X:\xampp\htdocs\test4\system\CodeIgniter.php(326): CodeIgniter\CodeIgniter->handleRequest(NULL, Object(Config\Cache), false)
#3 X:\xampp\htdocs\test4\public\index.php(37): CodeIgniter\CodeIgniter->run()
#4 {main}
CRITICAL - 2022-05-16 16:45:10 --> Class "App\Models\User" not found
#0 X:\xampp\htdocs\test4\system\CodeIgniter.php(832): App\Controllers\UserController->index()
#1 X:\xampp\htdocs\test4\system\CodeIgniter.php(419): CodeIgniter\CodeIgniter->runController(Object(App\Controllers\UserController))
#2 X:\xampp\htdocs\test4\system\CodeIgniter.php(326): CodeIgniter\CodeIgniter->handleRequest(NULL, Object(Config\Cache), false)
#3 X:\xampp\htdocs\test4\public\index.php(37): CodeIgniter\CodeIgniter->run()
#4 {main}
CRITICAL - 2022-05-16 16:46:44 --> Class "App\Controllers\UserModel" not found
#0 X:\xampp\htdocs\test4\system\CodeIgniter.php(832): App\Controllers\UserController->index()
#1 X:\xampp\htdocs\test4\system\CodeIgniter.php(419): CodeIgniter\CodeIgniter->runController(Object(App\Controllers\UserController))
#2 X:\xampp\htdocs\test4\system\CodeIgniter.php(326): CodeIgniter\CodeIgniter->handleRequest(NULL, Object(Config\Cache), false)
#3 X:\xampp\htdocs\test4\public\index.php(37): CodeIgniter\CodeIgniter->run()
#4 {main}
CRITICAL - 2022-05-16 16:46:45 --> Class "App\Controllers\UserModel" not found
#0 X:\xampp\htdocs\test4\system\CodeIgniter.php(832): App\Controllers\UserController->index()
#1 X:\xampp\htdocs\test4\system\CodeIgniter.php(419): CodeIgniter\CodeIgniter->runController(Object(App\Controllers\UserController))
#2 X:\xampp\htdocs\test4\system\CodeIgniter.php(326): CodeIgniter\CodeIgniter->handleRequest(NULL, Object(Config\Cache), false)
#3 X:\xampp\htdocs\test4\public\index.php(37): CodeIgniter\CodeIgniter->run()
#4 {main}
CRITICAL - 2022-05-16 16:46:46 --> Class "App\Controllers\UserModel" not found
#0 X:\xampp\htdocs\test4\system\CodeIgniter.php(832): App\Controllers\UserController->index()
#1 X:\xampp\htdocs\test4\system\CodeIgniter.php(419): CodeIgniter\CodeIgniter->runController(Object(App\Controllers\UserController))
#2 X:\xampp\htdocs\test4\system\CodeIgniter.php(326): CodeIgniter\CodeIgniter->handleRequest(NULL, Object(Config\Cache), false)
#3 X:\xampp\htdocs\test4\public\index.php(37): CodeIgniter\CodeIgniter->run()
#4 {main}
CRITICAL - 2022-05-16 16:46:46 --> Class "App\Controllers\UserModel" not found
#0 X:\xampp\htdocs\test4\system\CodeIgniter.php(832): App\Controllers\UserController->index()
#1 X:\xampp\htdocs\test4\system\CodeIgniter.php(419): CodeIgniter\CodeIgniter->runController(Object(App\Controllers\UserController))
#2 X:\xampp\htdocs\test4\system\CodeIgniter.php(326): CodeIgniter\CodeIgniter->handleRequest(NULL, Object(Config\Cache), false)
#3 X:\xampp\htdocs\test4\public\index.php(37): CodeIgniter\CodeIgniter->run()
#4 {main}
CRITICAL - 2022-05-16 16:46:47 --> Class "App\Controllers\UserModel" not found
#0 X:\xampp\htdocs\test4\system\CodeIgniter.php(832): App\Controllers\UserController->index()
#1 X:\xampp\htdocs\test4\system\CodeIgniter.php(419): CodeIgniter\CodeIgniter->runController(Object(App\Controllers\UserController))
#2 X:\xampp\htdocs\test4\system\CodeIgniter.php(326): CodeIgniter\CodeIgniter->handleRequest(NULL, Object(Config\Cache), false)
#3 X:\xampp\htdocs\test4\public\index.php(37): CodeIgniter\CodeIgniter->run()
#4 {main}
CRITICAL - 2022-05-16 16:46:54 --> Class "App\Models\UserModel" not found
#0 X:\xampp\htdocs\test4\system\CodeIgniter.php(832): App\Controllers\UserController->index()
#1 X:\xampp\htdocs\test4\system\CodeIgniter.php(419): CodeIgniter\CodeIgniter->runController(Object(App\Controllers\UserController))
#2 X:\xampp\htdocs\test4\system\CodeIgniter.php(326): CodeIgniter\CodeIgniter->handleRequest(NULL, Object(Config\Cache), false)
#3 X:\xampp\htdocs\test4\public\index.php(37): CodeIgniter\CodeIgniter->run()
#4 {main}
CRITICAL - 2022-05-16 16:46:55 --> Class "App\Models\UserModel" not found
#0 X:\xampp\htdocs\test4\system\CodeIgniter.php(832): App\Controllers\UserController->index()
#1 X:\xampp\htdocs\test4\system\CodeIgniter.php(419): CodeIgniter\CodeIgniter->runController(Object(App\Controllers\UserController))
#2 X:\xampp\htdocs\test4\system\CodeIgniter.php(326): CodeIgniter\CodeIgniter->handleRequest(NULL, Object(Config\Cache), false)
#3 X:\xampp\htdocs\test4\public\index.php(37): CodeIgniter\CodeIgniter->run()
#4 {main}
CRITICAL - 2022-05-16 16:47:16 --> Undefined variable $data
#0 X:\xampp\htdocs\test4\app\Controllers\UserController.php(12): CodeIgniter\Debug\Exceptions->errorHandler(2, 'Undefined varia...', 'X:\\xampp\\htdocs...', 12)
#1 X:\xampp\htdocs\test4\system\CodeIgniter.php(832): App\Controllers\UserController->index()
#2 X:\xampp\htdocs\test4\system\CodeIgniter.php(419): CodeIgniter\CodeIgniter->runController(Object(App\Controllers\UserController))
#3 X:\xampp\htdocs\test4\system\CodeIgniter.php(326): CodeIgniter\CodeIgniter->handleRequest(NULL, Object(Config\Cache), false)
#4 X:\xampp\htdocs\test4\public\index.php(37): CodeIgniter\CodeIgniter->run()
#5 {main}
ERROR - 2022-05-16 16:47:33 --> Error connecting to the database: No se puede establecer una conexión ya que el equipo de destino denegó expresamente dicha conexión
CRITICAL - 2022-05-16 16:47:33 --> Unable to connect to the database.
Main connection [MySQLi]: No se puede establecer una conexión ya que el equipo de destino denegó expresamente dicha conexión
#0 X:\xampp\htdocs\test4\system\Database\BaseConnection.php(577): CodeIgniter\Database\BaseConnection->initialize()
#1 X:\xampp\htdocs\test4\system\Database\BaseBuilder.php(1455): CodeIgniter\Database\BaseConnection->query('SELECT *\nFROM `...', Array, false)
#2 X:\xampp\htdocs\test4\system\Model.php(183): CodeIgniter\Database\BaseBuilder->get()
#3 X:\xampp\htdocs\test4\system\BaseModel.php(584): CodeIgniter\Model->doFindAll(0, 0)
#4 X:\xampp\htdocs\test4\app\Controllers\UserController.php(12): CodeIgniter\BaseModel->findAll()
#5 X:\xampp\htdocs\test4\system\CodeIgniter.php(832): App\Controllers\UserController->index()
#6 X:\xampp\htdocs\test4\system\CodeIgniter.php(419): CodeIgniter\CodeIgniter->runController(Object(App\Controllers\UserController))
#7 X:\xampp\htdocs\test4\system\CodeIgniter.php(326): CodeIgniter\CodeIgniter->handleRequest(NULL, Object(Config\Cache), false)
#8 X:\xampp\htdocs\test4\public\index.php(37): CodeIgniter\CodeIgniter->run()
#9 {main}
CRITICAL - 2022-05-16 16:49:27 --> Undefined variable $data
#0 X:\xampp\htdocs\test4\app\Views\login.php(64): CodeIgniter\Debug\Exceptions->errorHandler(2, 'Undefined varia...', 'X:\\xampp\\htdocs...', 64)
#1 X:\xampp\htdocs\test4\system\View\View.php(210): include('X:\\xampp\\htdocs...')
#2 X:\xampp\htdocs\test4\system\View\View.php(213): CodeIgniter\View\View->CodeIgniter\View\{closure}()
#3 X:\xampp\htdocs\test4\system\Common.php(1089): CodeIgniter\View\View->render('login', Array, true)
#4 X:\xampp\htdocs\test4\app\Controllers\UserController.php(14): view('login', Array)
#5 X:\xampp\htdocs\test4\system\CodeIgniter.php(832): App\Controllers\UserController->index()
#6 X:\xampp\htdocs\test4\system\CodeIgniter.php(419): CodeIgniter\CodeIgniter->runController(Object(App\Controllers\UserController))
#7 X:\xampp\htdocs\test4\system\CodeIgniter.php(326): CodeIgniter\CodeIgniter->handleRequest(NULL, Object(Config\Cache), false)
#8 X:\xampp\htdocs\test4\public\index.php(37): CodeIgniter\CodeIgniter->run()
#9 {main}
CRITICAL - 2022-05-16 16:53:57 --> Array to string conversion
#0 X:\xampp\htdocs\test4\app\Views\login.php(64): CodeIgniter\Debug\Exceptions->errorHandler(2, 'Array to string...', 'X:\\xampp\\htdocs...', 64)
#1 X:\xampp\htdocs\test4\system\View\View.php(210): include('X:\\xampp\\htdocs...')
#2 X:\xampp\htdocs\test4\system\View\View.php(213): CodeIgniter\View\View->CodeIgniter\View\{closure}()
#3 X:\xampp\htdocs\test4\system\Common.php(1089): CodeIgniter\View\View->render('login', Array, true)
#4 X:\xampp\htdocs\test4\app\Controllers\UserController.php(14): view('login', Array)
#5 X:\xampp\htdocs\test4\system\CodeIgniter.php(832): App\Controllers\UserController->index()
#6 X:\xampp\htdocs\test4\system\CodeIgniter.php(419): CodeIgniter\CodeIgniter->runController(Object(App\Controllers\UserController))
#7 X:\xampp\htdocs\test4\system\CodeIgniter.php(326): CodeIgniter\CodeIgniter->handleRequest(NULL, Object(Config\Cache), false)
#8 X:\xampp\htdocs\test4\public\index.php(37): CodeIgniter\CodeIgniter->run()
#9 {main}
CRITICAL - 2022-05-16 16:54:44 --> Undefined array key "email"
#0 X:\xampp\htdocs\test4\app\Views\login.php(64): CodeIgniter\Debug\Exceptions->errorHandler(2, 'Undefined array...', 'X:\\xampp\\htdocs...', 64)
#1 X:\xampp\htdocs\test4\system\View\View.php(210): include('X:\\xampp\\htdocs...')
#2 X:\xampp\htdocs\test4\system\View\View.php(213): CodeIgniter\View\View->CodeIgniter\View\{closure}()
#3 X:\xampp\htdocs\test4\system\Common.php(1089): CodeIgniter\View\View->render('login', Array, true)
#4 X:\xampp\htdocs\test4\app\Controllers\UserController.php(14): view('login', Array)
#5 X:\xampp\htdocs\test4\system\CodeIgniter.php(832): App\Controllers\UserController->index()
#6 X:\xampp\htdocs\test4\system\CodeIgniter.php(419): CodeIgniter\CodeIgniter->runController(Object(App\Controllers\UserController))
#7 X:\xampp\htdocs\test4\system\CodeIgniter.php(326): CodeIgniter\CodeIgniter->handleRequest(NULL, Object(Config\Cache), false)
#8 X:\xampp\htdocs\test4\public\index.php(37): CodeIgniter\CodeIgniter->run()
#9 {main}
CRITICAL - 2022-05-16 16:54:55 --> Array to string conversion
#0 X:\xampp\htdocs\test4\app\Views\login.php(64): CodeIgniter\Debug\Exceptions->errorHandler(2, 'Array to string...', 'X:\\xampp\\htdocs...', 64)
#1 X:\xampp\htdocs\test4\system\View\View.php(210): include('X:\\xampp\\htdocs...')
#2 X:\xampp\htdocs\test4\system\View\View.php(213): CodeIgniter\View\View->CodeIgniter\View\{closure}()
#3 X:\xampp\htdocs\test4\system\Common.php(1089): CodeIgniter\View\View->render('login', Array, true)
#4 X:\xampp\htdocs\test4\app\Controllers\UserController.php(14): view('login', Array)
#5 X:\xampp\htdocs\test4\system\CodeIgniter.php(832): App\Controllers\UserController->index()
#6 X:\xampp\htdocs\test4\system\CodeIgniter.php(419): CodeIgniter\CodeIgniter->runController(Object(App\Controllers\UserController))
#7 X:\xampp\htdocs\test4\system\CodeIgniter.php(326): CodeIgniter\CodeIgniter->handleRequest(NULL, Object(Config\Cache), false)
#8 X:\xampp\htdocs\test4\public\index.php(37): CodeIgniter\CodeIgniter->run()
#9 {main}
CRITICAL - 2022-05-16 16:56:34 --> syntax error, unexpected token ";"
#0 X:\xampp\htdocs\test4\system\View\View.php(213): CodeIgniter\View\View->CodeIgniter\View\{closure}()
#1 X:\xampp\htdocs\test4\system\Common.php(1089): CodeIgniter\View\View->render('login', Array, true)
#2 X:\xampp\htdocs\test4\app\Controllers\UserController.php(14): view('login', Array)
#3 X:\xampp\htdocs\test4\system\CodeIgniter.php(832): App\Controllers\UserController->index()
#4 X:\xampp\htdocs\test4\system\CodeIgniter.php(419): CodeIgniter\CodeIgniter->runController(Object(App\Controllers\UserController))
#5 X:\xampp\htdocs\test4\system\CodeIgniter.php(326): CodeIgniter\CodeIgniter->handleRequest(NULL, Object(Config\Cache), false)
#6 X:\xampp\htdocs\test4\public\index.php(37): CodeIgniter\CodeIgniter->run()
#7 {main}
CRITICAL - 2022-05-16 16:59:51 --> Array to string conversion
#0 X:\xampp\htdocs\test4\app\Views\login.php(64): CodeIgniter\Debug\Exceptions->errorHandler(2, 'Array to string...', 'X:\\xampp\\htdocs...', 64)
#1 X:\xampp\htdocs\test4\system\View\View.php(210): include('X:\\xampp\\htdocs...')
#2 X:\xampp\htdocs\test4\system\View\View.php(213): CodeIgniter\View\View->CodeIgniter\View\{closure}()
#3 X:\xampp\htdocs\test4\system\Common.php(1089): CodeIgniter\View\View->render('login', Array, true)
#4 X:\xampp\htdocs\test4\app\Controllers\UserController.php(14): view('login', Array)
#5 X:\xampp\htdocs\test4\system\CodeIgniter.php(832): App\Controllers\UserController->index()
#6 X:\xampp\htdocs\test4\system\CodeIgniter.php(419): CodeIgniter\CodeIgniter->runController(Object(App\Controllers\UserController))
#7 X:\xampp\htdocs\test4\system\CodeIgniter.php(326): CodeIgniter\CodeIgniter->handleRequest(NULL, Object(Config\Cache), false)
#8 X:\xampp\htdocs\test4\public\index.php(37): CodeIgniter\CodeIgniter->run()
#9 {main}
CRITICAL - 2022-05-16 16:59:57 --> Array to string conversion
#0 X:\xampp\htdocs\test4\app\Views\login.php(64): CodeIgniter\Debug\Exceptions->errorHandler(2, 'Array to string...', 'X:\\xampp\\htdocs...', 64)
#1 X:\xampp\htdocs\test4\system\View\View.php(210): include('X:\\xampp\\htdocs...')
#2 X:\xampp\htdocs\test4\system\View\View.php(213): CodeIgniter\View\View->CodeIgniter\View\{closure}()
#3 X:\xampp\htdocs\test4\system\Common.php(1089): CodeIgniter\View\View->render('login', Array, true)
#4 X:\xampp\htdocs\test4\app\Controllers\UserController.php(14): view('login', Array)
#5 X:\xampp\htdocs\test4\system\CodeIgniter.php(832): App\Controllers\UserController->index()
#6 X:\xampp\htdocs\test4\system\CodeIgniter.php(419): CodeIgniter\CodeIgniter->runController(Object(App\Controllers\UserController))
#7 X:\xampp\htdocs\test4\system\CodeIgniter.php(326): CodeIgniter\CodeIgniter->handleRequest(NULL, Object(Config\Cache), false)
#8 X:\xampp\htdocs\test4\public\index.php(37): CodeIgniter\CodeIgniter->run()
#9 {main}
